c:\users\havuc\source\repos\newproject\newproject\x64\release\vc143.pdb
c:\users\havuc\source\repos\newproject\newproject\x64\release\speed.obj
c:\users\havuc\source\repos\newproject\newproject\x64\release\phantich.obj
c:\users\havuc\source\repos\newproject\newproject\x64\release\map.obj
c:\users\havuc\source\repos\newproject\newproject\x64\release\man_hinh_cho.obj
c:\users\havuc\source\repos\newproject\newproject\x64\release\main.obj
c:\users\havuc\source\repos\newproject\newproject\x64\release\gamecharacter.obj
c:\users\havuc\source\repos\newproject\newproject\x64\release\game.obj
c:\users\havuc\source\repos\newproject\newproject\x64\release\function1.obj
c:\users\havuc\source\repos\newproject\newproject\x64\release\animation.obj
c:\users\havuc\source\repos\newproject\x64\release\newproject.exe
c:\users\havuc\source\repos\newproject\x64\release\newproject.pdb
c:\users\havuc\source\repos\newproject\newproject\x64\release\newproject.ipdb
c:\users\havuc\source\repos\newproject\newproject\x64\release\newproject.iobj
c:\users\havuc\source\repos\newproject\newproject\x64\release\newproject.tlog\cl.command.1.tlog
c:\users\havuc\source\repos\newproject\newproject\x64\release\newproject.tlog\cl.items.tlog
c:\users\havuc\source\repos\newproject\newproject\x64\release\newproject.tlog\cl.read.1.tlog
c:\users\havuc\source\repos\newproject\newproject\x64\release\newproject.tlog\cl.write.1.tlog
c:\users\havuc\source\repos\newproject\newproject\x64\release\newproject.tlog\link.command.1.tlog
c:\users\havuc\source\repos\newproject\newproject\x64\release\newproject.tlog\link.read.1.tlog
c:\users\havuc\source\repos\newproject\newproject\x64\release\newproject.tlog\link.secondary.1.tlog
c:\users\havuc\source\repos\newproject\newproject\x64\release\newproject.tlog\link.write.1.tlog
